<?xml version="1.0" encoding="UTF-8"?>
<testsuite xmlns:xsi="http://www.w3.org/2001/XMLSchema-instance" xsi:noNamespaceSchemaLocation="https://maven.apache.org/surefire/maven-surefire-plugin/xsd/surefire-test-report.xsd" name="TestSuite" time="779.593" tests="7" errors="0" skipped="0" failures="0">
  <properties>
    <property name="PATH" value="/Library/Java/JavaVirtualMachines/jdk1.8.0_333.jdk/Contents/Home/bin:/usr/bin:/bin:/usr/sbin:/sbin"/>
    <property name="java.specification.version" value="17"/>
    <property name="RUN_DISPLAY_URL" value="http://localhost:8080/job/plobal_new/1/display/redirect"/>
    <property name="HUDSON_HOME" value="/Users/apple/.jenkins"/>
    <property name="RUN_CHANGES_DISPLAY_URL" value="http://localhost:8080/job/plobal_new/1/display/redirect?page=changes"/>
    <property name="sun.jnu.encoding" value="UTF-8"/>
    <property name="sun.arch.data.model" value="64"/>
    <property name="sun.font.fontmanager" value="sun.font.CFontManager"/>
    <property name="java.vendor.url" value="https://github.com/Homebrew/homebrew-core/issues"/>
    <property name="JENKINS_SERVER_COOKIE" value="26a44442fa033a2e"/>
    <property name="JENKINS_URL" value="http://localhost:8080/"/>
    <property name="sun.boot.library.path" value="/usr/local/Cellar/openjdk@17/17.0.4.1_1/libexec/openjdk.jdk/Contents/Home/lib"/>
    <property name="sun.java.command" value="jenkins.maven3.agent.Maven35Main /usr/local/Cellar/maven/3.8.6/libexec /Users/apple/.jenkins/war/WEB-INF/lib/remoting-3044.vb_940a_a_e4f72e.jar /Users/apple/.jenkins/plugins/maven-plugin/WEB-INF/lib/maven35-interceptor-1.13.jar /Users/apple/.jenkins/plugins/maven-plugin/WEB-INF/lib/maven3-interceptor-commons-1.13.jar 58582"/>
    <property name="maven.home" value="/usr/local/Cellar/maven/3.8.6/libexec"/>
    <property name="jdk.debug" value="release"/>
    <property name="java.specification.vendor" value="Oracle Corporation"/>
    <property name="jansi.mode" value="strip"/>
    <property name="java.version.date" value="2022-08-12"/>
    <property name="java.home" value="/usr/local/Cellar/openjdk@17/17.0.4.1_1/libexec/openjdk.jdk/Contents/Home"/>
    <property name="JENKINS_HOME" value="/Users/apple/.jenkins"/>
    <property name="file.separator" value="/"/>
    <property name="java.vm.compressedOopsMode" value="Zero based"/>
    <property name="line.separator" value="&#10;"/>
    <property name="NODE_NAME" value="built-in"/>
    <property name="XPC_FLAGS" value="0x0"/>
    <property name="java.vm.specification.vendor" value="Oracle Corporation"/>
    <property name="java.specification.name" value="Java Platform API Specification"/>
    <property name="BUILD_DISPLAY_NAME" value="#1"/>
    <property name="maven3.interceptor" value="/Users/apple/.jenkins/plugins/maven-plugin/WEB-INF/lib/maven35-interceptor-1.13.jar"/>
    <property name="PATH+MAVEN" value="/usr/local/Cellar/maven/3.8.6/libexec/bin"/>
    <property name="maven3.interceptor.common" value="/Users/apple/.jenkins/plugins/maven-plugin/WEB-INF/lib/maven3-interceptor-commons-1.13.jar"/>
    <property name="WORKSPACE_TMP" value="/Users/apple/.jenkins/workspace/plobal_new@tmp"/>
    <property name="sun.management.compiler" value="HotSpot 64-Bit Tiered Compilers"/>
    <property name="java.runtime.version" value="17.0.4.1+1"/>
    <property name="JAVA_HOME" value="/Library/Java/JavaVirtualMachines/jdk1.8.0_333.jdk/Contents/Home"/>
    <property name="user.name" value="apple"/>
    <property name="file.encoding" value="UTF-8"/>
    <property name="guice.disable.misplaced.annotation.check" value="true"/>
    <property name="HUDSON_URL" value="http://localhost:8080/"/>
    <property name="WORKSPACE" value="/Users/apple/.jenkins/workspace/plobal_new"/>
    <property name="java.vendor.version" value="Homebrew"/>
    <property name="java.io.tmpdir" value="/var/folders/2q/g96glymj72l32h6lch2548p80000gn/T/"/>
    <property name="GIT_COMMIT" value="4113e15e8e237e2344ac22af7df065d084b0605e"/>
    <property name="java.version" value="17.0.4.1"/>
    <property name="CI" value="true"/>
    <property name="java.vm.specification.name" value="Java Virtual Machine Specification"/>
    <property name="JOB_BASE_NAME" value="plobal_new"/>
    <property name="maven.compiler.executable" value="/Library/Java/JavaVirtualMachines/jdk1.8.0_333.jdk/Contents/Home/bin/javac"/>
    <property name="org.slf4j.simpleLogger.defaultLogLevel" value="info"/>
    <property name="native.encoding" value="UTF-8"/>
    <property name="java.library.path" value="/Users/apple/Library/Java/Extensions:/Library/Java/Extensions:/Network/Library/Java/Extensions:/System/Library/Java/Extensions:/usr/lib/java:."/>
    <property name="BUILD_NUMBER" value="1"/>
    <property name="java.vendor" value="Homebrew"/>
    <property name="BUILD_URL" value="http://localhost:8080/job/plobal_new/1/"/>
    <property name="RUN_ARTIFACTS_DISPLAY_URL" value="http://localhost:8080/job/plobal_new/1/display/redirect?page=artifacts"/>
    <property name="JAVA_MAIN_CLASS_4006" value="executable.Main"/>
    <property name="sun.io.unicode.encoding" value="UnicodeBig"/>
    <property name="GIT_URL" value="https://github.com/pulkitkr/plobal_New_iOS.git"/>
    <property name="socksNonProxyHosts" value="local|*.local|169.254/16|*.169.254/16"/>
    <property name="JOB_URL" value="http://localhost:8080/job/plobal_new/"/>
    <property name="java.class.path" value="/Users/apple/.jenkins/plugins/maven-plugin/WEB-INF/lib/maven35-agent-1.13.jar:/usr/local/Cellar/maven/3.8.6/libexec/boot/plexus-classworlds-2.6.0.jar:/usr/local/Cellar/maven/3.8.6/libexec/conf/logging"/>
    <property name="java.vm.vendor" value="Homebrew"/>
    <property name="MAVEN_HOME" value="/usr/local/Cellar/maven/3.8.6/libexec"/>
    <property name="user.timezone" value="Asia/Kolkata"/>
    <property name="maven.conf" value="/usr/local/Cellar/maven/3.8.6/libexec/conf"/>
    <property name="java.vm.specification.version" value="17"/>
    <property name="os.name" value="Mac OS X"/>
    <property name="LOGNAME" value="apple"/>
    <property name="RUN_TESTS_DISPLAY_URL" value="http://localhost:8080/job/plobal_new/1/display/redirect?page=tests"/>
    <property name="user.country" value="IN"/>
    <property name="sun.java.launcher" value="SUN_STANDARD"/>
    <property name="jvm" value="/Library/Java/JavaVirtualMachines/jdk1.8.0_333.jdk/Contents/Home/bin/java"/>
    <property name="http.nonProxyHosts" value="local|*.local|169.254/16|*.169.254/16"/>
    <property name="BUILD_TAG" value="jenkins-plobal_new-1"/>
    <property name="SHELL" value="/bin/zsh"/>
    <property name="sun.cpu.endian" value="little"/>
    <property name="user.home" value="/Users/apple"/>
    <property name="user.language" value="en"/>
    <property name="maven.compiler.fork" value="true"/>
    <property name="TMPDIR" value="/var/folders/2q/g96glymj72l32h6lch2548p80000gn/T/"/>
    <property name="JOB_DISPLAY_URL" value="http://localhost:8080/job/plobal_new/display/redirect"/>
    <property name="M2_HOME" value="/usr/local/Cellar/maven/3.8.6/libexec"/>
    <property name="__CF_USER_TEXT_ENCODING" value="0x1F5:0x0:0x0"/>
    <property name="GIT_BRANCH" value="origin/master"/>
    <property name="ftp.nonProxyHosts" value="local|*.local|169.254/16|*.169.254/16"/>
    <property name="path.separator" value=":"/>
    <property name="BUILD_ID" value="1"/>
    <property name="os.version" value="12.5.1"/>
    <property name="JOB_NAME" value="plobal_new"/>
    <property name="java.runtime.name" value="OpenJDK Runtime Environment"/>
    <property name="NODE_LABELS" value="built-in"/>
    <property name="java.vm.name" value="OpenJDK 64-Bit Server VM"/>
    <property name="XPC_SERVICE_NAME" value="homebrew.mxcl.jenkins-lts"/>
    <property name="PATH+JDK" value="/Library/Java/JavaVirtualMachines/jdk1.8.0_333.jdk/Contents/Home/bin"/>
    <property name="java.vendor.url.bug" value="https://github.com/Homebrew/homebrew-core/issues"/>
    <property name="user.dir" value="/Users/apple/.jenkins/workspace/plobal_new"/>
    <property name="os.arch" value="x86_64"/>
    <property name="EXECUTOR_NUMBER" value="0"/>
    <property name="HUDSON_SERVER_COOKIE" value="26a44442fa033a2e"/>
    <property name="USER" value="apple"/>
    <property name="CLASSPATH" value=""/>
    <property name="SSH_AUTH_SOCK" value="/private/tmp/com.apple.launchd.Y1uLJppjyF/Listeners"/>
    <property name="java.vm.info" value="mixed mode, sharing"/>
    <property name="java.vm.version" value="17.0.4.1+1"/>
    <property name="java.class.version" value="61.0"/>
    <property name="HOME" value="/Users/apple"/>
  </properties>
  <testcase name="plobalLogin" classname="com.Plobal.iOS_Plobal_Scripts.IOS_Plobal_Test_cases" time="38.912"/>
  <testcase name="plobalSelectItem" classname="com.Plobal.iOS_Plobal_Scripts.IOS_Plobal_Test_cases" time="73.296"/>
  <testcase name="addProductToCart" classname="com.Plobal.iOS_Plobal_Scripts.IOS_Plobal_Test_cases" time="10.247"/>
  <testcase name="plobalDeliveryAddress" classname="com.Plobal.iOS_Plobal_Scripts.IOS_Plobal_Test_cases" time="114.133"/>
  <testcase name="plobalSearchProduct" classname="com.Plobal.iOS_Plobal_Scripts.IOS_Plobal_Test_cases" time="145.059"/>
  <testcase name="plobalBarCodeSearchProduct" classname="com.Plobal.iOS_Plobal_Scripts.IOS_Plobal_Test_cases" time="220.661"/>
  <testcase name="plobalLogout" classname="com.Plobal.iOS_Plobal_Scripts.IOS_Plobal_Test_cases" time="35.329"/>
</testsuite>