<?xml version="1.0" encoding="UTF-8"?>
<!-- Generated by org.testng.reporters.JUnitReportReporter -->
<testsuite hostname="IGSs-MacBook-Pro.local" name="com.zee5.iOS_HiPi_NeoScripts.IOS_HiPi_Neo_Priority_P0_Test_cases" tests="8" failures="0" timestamp="15 Sep 2022 16:18:11 GMT" time="342.596" errors="0">
  <testcase name="VerifyFeedScreen_part2" time="60.444" classname="com.zee5.iOS_HiPi_NeoScripts.IOS_HiPi_Neo_Priority_P0_Test_cases"/>
  <testcase name="VerifyFeedScreen_part8" time="76.403" classname="com.zee5.iOS_HiPi_NeoScripts.IOS_HiPi_Neo_Priority_P0_Test_cases"/>
  <testcase name="VerifyFeedScreen_part6" time="9.454" classname="com.zee5.iOS_HiPi_NeoScripts.IOS_HiPi_Neo_Priority_P0_Test_cases"/>
  <testcase name="VerifyFeedScreen_part7" time="13.339" classname="com.zee5.iOS_HiPi_NeoScripts.IOS_HiPi_Neo_Priority_P0_Test_cases"/>
  <testcase name="VerifyFeedScreen_part3" time="11.295" classname="com.zee5.iOS_HiPi_NeoScripts.IOS_HiPi_Neo_Priority_P0_Test_cases"/>
  <testcase name="VerifyFeedScreen_part1" time="65.429" classname="com.zee5.iOS_HiPi_NeoScripts.IOS_HiPi_Neo_Priority_P0_Test_cases"/>
  <testcase name="VerifyFeedScreen_part5" time="1.706" classname="com.zee5.iOS_HiPi_NeoScripts.IOS_HiPi_Neo_Priority_P0_Test_cases"/>
  <testcase name="VerifyFeedScreen_part4" time="104.526" classname="com.zee5.iOS_HiPi_NeoScripts.IOS_HiPi_Neo_Priority_P0_Test_cases"/>
</testsuite> <!-- com.zee5.iOS_HiPi_NeoScripts.IOS_HiPi_Neo_Priority_P0_Test_cases -->
