<?xml version="1.0" encoding="UTF-8"?>
<!-- Generated by org.testng.reporters.JUnitReportReporter -->
<testsuite hostname="Apples-MBP-2" name="com.Plobal.iOS_Plobal_Scripts.IOS_Plobal_Test_cases" tests="7" failures="0" timestamp="11 Oct 2022 13:31:05 GMT" time="637.632" errors="0">
  <testcase name="plobalSearchProduct" time="145.058" classname="com.Plobal.iOS_Plobal_Scripts.IOS_Plobal_Test_cases"/>
  <testcase name="plobalDeliveryAddress" time="114.133" classname="com.Plobal.iOS_Plobal_Scripts.IOS_Plobal_Test_cases"/>
  <testcase name="plobalLogin" time="38.911" classname="com.Plobal.iOS_Plobal_Scripts.IOS_Plobal_Test_cases"/>
  <testcase name="addProductToCart" time="10.247" classname="com.Plobal.iOS_Plobal_Scripts.IOS_Plobal_Test_cases"/>
  <testcase name="plobalBarCodeSearchProduct" time="220.660" classname="com.Plobal.iOS_Plobal_Scripts.IOS_Plobal_Test_cases"/>
  <testcase name="plobalLogout" time="35.328" classname="com.Plobal.iOS_Plobal_Scripts.IOS_Plobal_Test_cases"/>
  <testcase name="plobalSelectItem" time="73.295" classname="com.Plobal.iOS_Plobal_Scripts.IOS_Plobal_Test_cases"/>
</testsuite> <!-- com.Plobal.iOS_Plobal_Scripts.IOS_Plobal_Test_cases -->
